<?xml version="1.0" encoding="UTF-8"?>
<!-- Generated by org.testng.reporters.JUnitXMLReporter -->
<testsuite ignored="0" hostname="DESKTOP-DJ4FDME" failures="0" tests="3" name="Default test" time="13.134" errors="0" timestamp="2024-10-28T21:49:50 IST">
  <testcase classname="org.wipro.auto.uo.testcases.LoginScenarios" name="tc01_validate_validcredntail_loginfunc" time="0.62"/>
  <testcase classname="org.wipro.auto.uo.testcases.LoginScenarios" name="tc01_validate_validcredntail_loginfunc" time="0.536"/>
  <testcase classname="org.wipro.auto.uo.testcases.LoginScenarios" name="tc01_validate_validcredntail_loginfunc" time="0.42"/>
</testsuite> <!-- Default test -->
