<?xml version="1.0" encoding="UTF-8"?>
<testng-results ignored="0" total="3" passed="3" failed="0" skipped="0">
  <reporter-output>
  </reporter-output>
  <suite started-at="2024-10-28T21:49:37 IST" name="Default suite" finished-at="2024-10-28T21:49:50 IST" duration-ms="13134">
    <groups>
    </groups>
    <test started-at="2024-10-28T21:49:37 IST" name="Default test" finished-at="2024-10-28T21:49:50 IST" duration-ms="13134">
      <class name="org.wipro.auto.uo.testcases.LoginScenarios">
        <test-method is-config="true" signature="launchBrowser()[pri:0, instance:org.wipro.auto.uo.testcases.LoginScenarios@173ed316]" started-at="2024-10-28T21:49:37 IST" name="launchBrowser" finished-at="2024-10-28T21:49:42 IST" duration-ms="5470" status="PASS">
          <reporter-output>
          </reporter-output>
        </test-method> <!-- launchBrowser -->
        <test-method signature="tc01_validate_validcredntail_loginfunc(java.lang.String,java.lang.String)[pri:0, instance:org.wipro.auto.uo.testcases.LoginScenarios@173ed316]" started-at="2024-10-28T21:49:42 IST" name="tc01_validate_validcredntail_loginfunc" data-provider="DDF" finished-at="2024-10-28T21:49:43 IST" duration-ms="620" status="PASS">
          <params>
            <param index="0">
              <value>
                <![CDATA[user1]]>
              </value>
            </param>
            <param index="1">
              <value>
                <![CDATA[pass1]]>
              </value>
            </param>
          </params>
          <reporter-output>
          </reporter-output>
        </test-method> <!-- tc01_validate_validcredntail_loginfunc -->
        <test-method is-config="true" signature="closeBrowser()[pri:0, instance:org.wipro.auto.uo.testcases.LoginScenarios@173ed316]" started-at="2024-10-28T21:49:43 IST" name="closeBrowser" finished-at="2024-10-28T21:49:43 IST" duration-ms="16" status="PASS">
          <reporter-output>
          </reporter-output>
        </test-method> <!-- closeBrowser -->
        <test-method is-config="true" signature="launchBrowser()[pri:0, instance:org.wipro.auto.uo.testcases.LoginScenarios@173ed316]" started-at="2024-10-28T21:49:43 IST" name="launchBrowser" finished-at="2024-10-28T21:49:46 IST" duration-ms="2785" status="PASS">
          <reporter-output>
          </reporter-output>
        </test-method> <!-- launchBrowser -->
        <test-method signature="tc01_validate_validcredntail_loginfunc(java.lang.String,java.lang.String)[pri:0, instance:org.wipro.auto.uo.testcases.LoginScenarios@173ed316]" started-at="2024-10-28T21:49:46 IST" name="tc01_validate_validcredntail_loginfunc" data-provider="DDF" finished-at="2024-10-28T21:49:46 IST" duration-ms="536" status="PASS">
          <params>
            <param index="0">
              <value>
                <![CDATA[user2]]>
              </value>
            </param>
            <param index="1">
              <value>
                <![CDATA[pass2]]>
              </value>
            </param>
          </params>
          <reporter-output>
          </reporter-output>
        </test-method> <!-- tc01_validate_validcredntail_loginfunc -->
        <test-method is-config="true" signature="closeBrowser()[pri:0, instance:org.wipro.auto.uo.testcases.LoginScenarios@173ed316]" started-at="2024-10-28T21:49:46 IST" name="closeBrowser" finished-at="2024-10-28T21:49:46 IST" duration-ms="2" status="PASS">
          <reporter-output>
          </reporter-output>
        </test-method> <!-- closeBrowser -->
        <test-method is-config="true" signature="launchBrowser()[pri:0, instance:org.wipro.auto.uo.testcases.LoginScenarios@173ed316]" started-at="2024-10-28T21:49:46 IST" name="launchBrowser" finished-at="2024-10-28T21:49:50 IST" duration-ms="3156" status="PASS">
          <reporter-output>
          </reporter-output>
        </test-method> <!-- launchBrowser -->
        <test-method signature="tc01_validate_validcredntail_loginfunc(java.lang.String,java.lang.String)[pri:0, instance:org.wipro.auto.uo.testcases.LoginScenarios@173ed316]" started-at="2024-10-28T21:49:50 IST" name="tc01_validate_validcredntail_loginfunc" data-provider="DDF" finished-at="2024-10-28T21:49:50 IST" duration-ms="420" status="PASS">
          <params>
            <param index="0">
              <value>
                <![CDATA[user3]]>
              </value>
            </param>
            <param index="1">
              <value>
                <![CDATA[pass3]]>
              </value>
            </param>
          </params>
          <reporter-output>
          </reporter-output>
        </test-method> <!-- tc01_validate_validcredntail_loginfunc -->
        <test-method is-config="true" signature="closeBrowser()[pri:0, instance:org.wipro.auto.uo.testcases.LoginScenarios@173ed316]" started-at="2024-10-28T21:49:50 IST" name="closeBrowser" finished-at="2024-10-28T21:49:50 IST" duration-ms="1" status="PASS">
          <reporter-output>
          </reporter-output>
        </test-method> <!-- closeBrowser -->
      </class> <!-- org.wipro.auto.uo.testcases.LoginScenarios -->
    </test> <!-- Default test -->
  </suite> <!-- Default suite -->
</testng-results>
